<?xml version="1.0" encoding="UTF-8"?>
<testsuite name="test_request_vaccination_id_tests.TestRequestVaccinationId-20220315030748" tests="2" file="test_request_vaccination_id_tests.py" time="0.031" timestamp="2022-03-15T03:07:48" failures="0" errors="0" skipped="0">
	<testcase classname="test_request_vaccination_id_tests.TestRequestVaccinationId" name="test_ok" time="0.031" timestamp="2022-03-15T03:07:48"/>
	<testcase classname="test_request_vaccination_id_tests.TestRequestVaccinationId" name="test_wrong_uuid_not_v4" time="0.000" timestamp="2022-03-15T03:07:48"/>
</testsuite>
