<?xml version="1.0" encoding="UTF-8"?>
<testsuite name="test_get_vaccine_date_tests.MyTestCase-20220405234645" tests="17" file="test_get_vaccine_date_tests.py" time="0.214" timestamp="2022-04-05T23:46:46" failures="0" errors="0" skipped="0">
	<testcase classname="test_get_vaccine_date_tests.MyTestCase" name="test_estructura_incorrecta_1" time="0.097" timestamp="2022-04-05T23:46:45"/>
	<testcase classname="test_get_vaccine_date_tests.MyTestCase" name="test_estructura_incorrecta_2" time="0.005" timestamp="2022-04-05T23:46:45"/>
	<testcase classname="test_get_vaccine_date_tests.MyTestCase" name="test_estructura_incorrecta_3" time="0.004" timestamp="2022-04-05T23:46:45"/>
	<testcase classname="test_get_vaccine_date_tests.MyTestCase" name="test_json_no_existe" time="0.004" timestamp="2022-04-05T23:46:45"/>
	<testcase classname="test_get_vaccine_date_tests.MyTestCase" name="test_no_es_json" time="0.003" timestamp="2022-04-05T23:46:45"/>
	<testcase classname="test_get_vaccine_date_tests.MyTestCase" name="test_paciente_no_registrado" time="0.009" timestamp="2022-04-05T23:46:45"/>
	<testcase classname="test_get_vaccine_date_tests.MyTestCase" name="test_paciente_numero_incorrecto" time="0.008" timestamp="2022-04-05T23:46:45"/>
	<testcase classname="test_get_vaccine_date_tests.MyTestCase" name="test_path_no_str" time="0.003" timestamp="2022-04-05T23:46:45"/>
	<testcase classname="test_get_vaccine_date_tests.MyTestCase" name="test_patient_system_id_corto" time="0.009" timestamp="2022-04-05T23:46:45"/>
	<testcase classname="test_get_vaccine_date_tests.MyTestCase" name="test_patient_system_id_largo" time="0.007" timestamp="2022-04-05T23:46:45"/>
	<testcase classname="test_get_vaccine_date_tests.MyTestCase" name="test_patient_system_id_no_str" time="0.011" timestamp="2022-04-05T23:46:45"/>
	<testcase classname="test_get_vaccine_date_tests.MyTestCase" name="test_phone_corto" time="0.005" timestamp="2022-04-05T23:46:45"/>
	<testcase classname="test_get_vaccine_date_tests.MyTestCase" name="test_phone_largo" time="0.009" timestamp="2022-04-05T23:46:45"/>
	<testcase classname="test_get_vaccine_date_tests.MyTestCase" name="test_phone_no_numeros" time="0.007" timestamp="2022-04-05T23:46:45"/>
	<testcase classname="test_get_vaccine_date_tests.MyTestCase" name="test_phone_no_str" time="0.007" timestamp="2022-04-05T23:46:45"/>
	<testcase classname="test_get_vaccine_date_tests.MyTestCase" name="test_vaccination_json_correcto" time="0.016" timestamp="2022-04-05T23:46:45"/>
	<testcase classname="test_get_vaccine_date_tests.MyTestCase" name="test_vaccination_signature_correcta" time="0.010" timestamp="2022-04-05T23:46:46"/>
</testsuite>
