<?xml version="1.0" encoding="UTF-8"?>
<testsuite name="test_request_vaccine_tests.MyTestCase-20220316032247" tests="8" file="test_request_vaccine_tests.py" time="0.047" timestamp="2022-03-16T03:22:48" failures="0" errors="0" skipped="0">
	<testcase classname="test_request_vaccine_tests.MyTestCase" name="test_UUID_incorrecta" time="0.000" timestamp="2022-03-16T03:22:48"/>
	<testcase classname="test_request_vaccine_tests.MyTestCase" name="test_edad_inferior" time="0.000" timestamp="2022-03-16T03:22:48"/>
	<testcase classname="test_request_vaccine_tests.MyTestCase" name="test_edad_no_numero" time="0.000" timestamp="2022-03-16T03:22:48"/>
	<testcase classname="test_request_vaccine_tests.MyTestCase" name="test_edad_superior" time="0.016" timestamp="2022-03-16T03:22:48"/>
	<testcase classname="test_request_vaccine_tests.MyTestCase" name="test_nombre_largo" time="0.000" timestamp="2022-03-16T03:22:48"/>
	<testcase classname="test_request_vaccine_tests.MyTestCase" name="test_nombre_sin_apellido" time="0.000" timestamp="2022-03-16T03:22:48"/>
	<testcase classname="test_request_vaccine_tests.MyTestCase" name="test_nombre_vacio" time="0.000" timestamp="2022-03-16T03:22:48"/>
	<testcase classname="test_request_vaccine_tests.MyTestCase" name="test_registro_correcto" time="0.031" timestamp="2022-03-16T03:22:48"/>
</testsuite>
