<?xml version="1.0" encoding="UTF-8"?>
<testsuite name="test_request_vaccine_tests.MyTestCase-20220405234645" tests="23" file="test_request_vaccine_tests.py" time="0.062" timestamp="2022-04-05T23:46:46" failures="0" errors="0" skipped="0">
	<testcase classname="test_request_vaccine_tests.MyTestCase" name="test_comprobarhash" time="0.011" timestamp="2022-04-05T23:46:46"/>
	<testcase classname="test_request_vaccine_tests.MyTestCase" name="test_comprobarhash_distinto" time="0.013" timestamp="2022-04-05T23:46:46"/>
	<testcase classname="test_request_vaccine_tests.MyTestCase" name="test_edad_inferior" time="0.001" timestamp="2022-04-05T23:46:46"/>
	<testcase classname="test_request_vaccine_tests.MyTestCase" name="test_edad_no_int" time="0.001" timestamp="2022-04-05T23:46:46"/>
	<testcase classname="test_request_vaccine_tests.MyTestCase" name="test_edad_no_numero" time="0.001" timestamp="2022-04-05T23:46:46"/>
	<testcase classname="test_request_vaccine_tests.MyTestCase" name="test_edad_superior" time="0.002" timestamp="2022-04-05T23:46:46"/>
	<testcase classname="test_request_vaccine_tests.MyTestCase" name="test_guardado_correcto_json" time="0.005" timestamp="2022-04-05T23:46:46"/>
	<testcase classname="test_request_vaccine_tests.MyTestCase" name="test_hash_es_str" time="0.002" timestamp="2022-04-05T23:46:46"/>
	<testcase classname="test_request_vaccine_tests.MyTestCase" name="test_nombre_largo" time="0.001" timestamp="2022-04-05T23:46:46"/>
	<testcase classname="test_request_vaccine_tests.MyTestCase" name="test_nombre_nostring" time="0.001" timestamp="2022-04-05T23:46:46"/>
	<testcase classname="test_request_vaccine_tests.MyTestCase" name="test_nombre_sin_apellido" time="0.001" timestamp="2022-04-05T23:46:46"/>
	<testcase classname="test_request_vaccine_tests.MyTestCase" name="test_nombre_vacio" time="0.001" timestamp="2022-04-05T23:46:46"/>
	<testcase classname="test_request_vaccine_tests.MyTestCase" name="test_numerotelef_muycorto" time="0.001" timestamp="2022-04-05T23:46:46"/>
	<testcase classname="test_request_vaccine_tests.MyTestCase" name="test_numerotelef_muylargo" time="0.001" timestamp="2022-04-05T23:46:46"/>
	<testcase classname="test_request_vaccine_tests.MyTestCase" name="test_numerotelef_nonumero" time="0.001" timestamp="2022-04-05T23:46:46"/>
	<testcase classname="test_request_vaccine_tests.MyTestCase" name="test_patient_id_incorrecto" time="0.001" timestamp="2022-04-05T23:46:46"/>
	<testcase classname="test_request_vaccine_tests.MyTestCase" name="test_patient_id_nostring" time="0.001" timestamp="2022-04-05T23:46:46"/>
	<testcase classname="test_request_vaccine_tests.MyTestCase" name="test_registro_correcto" time="0.008" timestamp="2022-04-05T23:46:46"/>
	<testcase classname="test_request_vaccine_tests.MyTestCase" name="test_tamanocorrectohash" time="0.005" timestamp="2022-04-05T23:46:46"/>
	<testcase classname="test_request_vaccine_tests.MyTestCase" name="test_tiporegistro_nostr" time="0.001" timestamp="2022-04-05T23:46:46"/>
	<testcase classname="test_request_vaccine_tests.MyTestCase" name="test_tiporegistro_novalido" time="0.001" timestamp="2022-04-05T23:46:46"/>
	<testcase classname="test_request_vaccine_tests.MyTestCase" name="test_uuid_correcta" time="0.001" timestamp="2022-04-05T23:46:46"/>
	<testcase classname="test_request_vaccine_tests.MyTestCase" name="test_uuid_incorrecta" time="0.001" timestamp="2022-04-05T23:46:46"/>
</testsuite>
